[debug] [2026-02-28T01:33:45.714Z] ----------------------------------------------------------------------
[debug] [2026-02-28T01:33:45.720Z] Command:       C:\Program Files\nodejs\node.exe C:\Users\hrkr4\AppData\Roaming\npm\node_modules\firebase-tools\lib\bin\firebase.js apps:list --non-interactive --json
[debug] [2026-02-28T01:33:45.720Z] CLI Version:   14.25.1
[debug] [2026-02-28T01:33:45.720Z] Platform:      win32
[debug] [2026-02-28T01:33:45.720Z] Node Version:  v24.11.1
[debug] [2026-02-28T01:33:45.720Z] Time:          Sat Feb 28 2026 10:33:45 GMT+0900 (GMT+09:00)
[debug] [2026-02-28T01:33:45.721Z] ----------------------------------------------------------------------
[debug] 
[debug] [2026-02-28T01:33:46.016Z] > command requires scopes: ["email","openid","https://www.googleapis.com/auth/cloudplatformprojects.readonly","https://www.googleapis.com/auth/firebase","https://www.googleapis.com/auth/cloud-platform"]
[debug] [2026-02-28T01:33:46.017Z] > authorizing via signed-in user (wasemeshi1@gmail.com)
[debug] [2026-02-28T01:33:46.026Z] Checked if tokens are valid: true, expires at: 1772245623069
[debug] [2026-02-28T01:33:46.027Z] Checked if tokens are valid: true, expires at: 1772245623069
[debug] [2026-02-28T01:33:46.029Z] >>> [apiv2][query] GET https://firebase.googleapis.com/v1beta1/projects/hrk877-801a8:searchApps pageSize=100
[debug] [2026-02-28T01:33:46.564Z] <<< [apiv2][status] GET https://firebase.googleapis.com/v1beta1/projects/hrk877-801a8:searchApps 403
[debug] [2026-02-28T01:33:46.565Z] <<< [apiv2][body] GET https://firebase.googleapis.com/v1beta1/projects/hrk877-801a8:searchApps {"error":{"code":403,"message":"The caller does not have permission","status":"PERMISSION_DENIED"}}
[debug] [2026-02-28T01:33:46.566Z] Request to https://firebase.googleapis.com/v1beta1/projects/hrk877-801a8:searchApps?pageSize=100 had HTTP Error: 403, The caller does not have permission
[debug] [2026-02-28T01:33:46.686Z] FirebaseError: Request to https://firebase.googleapis.com/v1beta1/projects/hrk877-801a8:searchApps?pageSize=100 had HTTP Error: 403, The caller does not have permission
    at responseToError (C:\Users\hrkr4\AppData\Roaming\npm\node_modules\firebase-tools\lib\responseToError.js:53:12)
    at RetryOperation._fn (C:\Users\hrkr4\AppData\Roaming\npm\node_modules\firebase-tools\lib\apiv2.js:322:77)
    at process.processTicksAndRejections (node:internal/process/task_queues:103:5)
[error] 
[error] Error: Failed to list Firebase apps. See firebase-debug.log for more info.
